{"level":"info","message":"Server running on port 5000","service":"gta-rp-family-api","timestamp":"2026-03-28 18:31:50"}
{"level":"info","message":"Environment: development","service":"gta-rp-family-api","timestamp":"2026-03-28 18:31:50"}
{"cause":{"commonWireVersion":0,"compatible":true,"heartbeatFrequencyMS":10000,"localThresholdMS":15,"logicalSessionTimeoutMinutes":null,"maxElectionId":null,"maxSetVersion":null,"servers":{"ac-pv269bt-shard-00-00.6po3bxm.mongodb.net:27017":{"$clusterTime":null,"address":"ac-pv269bt-shard-00-00.6po3bxm.mongodb.net:27017","arbiters":[],"electionId":null,"error":{"beforeHandshake":false,"errorLabelSet":{}},"hosts":[],"iscryptd":false,"lastUpdateTime":31900204,"lastWriteDate":0,"logicalSessionTimeoutMinutes":null,"maxBsonObjectSize":null,"maxMessageSizeBytes":null,"maxWireVersion":0,"maxWriteBatchSize":null,"me":null,"minRoundTripTime":0,"minWireVersion":0,"passives":[],"primary":null,"roundTripTime":-1,"setName":null,"setVersion":null,"tags":{},"topologyVersion":null,"type":"Unknown"},"ac-pv269bt-shard-00-01.6po3bxm.mongodb.net:27017":{"$clusterTime":null,"address":"ac-pv269bt-shard-00-01.6po3bxm.mongodb.net:27017","arbiters":[],"electionId":null,"error":{"beforeHandshake":false,"errorLabelSet":{}},"hosts":[],"iscryptd":false,"lastUpdateTime":31900172,"lastWriteDate":0,"logicalSessionTimeoutMinutes":null,"maxBsonObjectSize":null,"maxMessageSizeBytes":null,"maxWireVersion":0,"maxWriteBatchSize":null,"me":null,"minRoundTripTime":0,"minWireVersion":0,"passives":[],"primary":null,"roundTripTime":-1,"setName":null,"setVersion":null,"tags":{},"topologyVersion":null,"type":"Unknown"},"ac-pv269bt-shard-00-02.6po3bxm.mongodb.net:27017":{"$clusterTime":null,"address":"ac-pv269bt-shard-00-02.6po3bxm.mongodb.net:27017","arbiters":[],"electionId":null,"error":{"beforeHandshake":false,"errorLabelSet":{}},"hosts":[],"iscryptd":false,"lastUpdateTime":31899927,"lastWriteDate":0,"logicalSessionTimeoutMinutes":null,"maxBsonObjectSize":null,"maxMessageSizeBytes":null,"maxWireVersion":0,"maxWriteBatchSize":null,"me":null,"minRoundTripTime":0,"minWireVersion":0,"passives":[],"primary":null,"roundTripTime":-1,"setName":null,"setVersion":null,"tags":{},"topologyVersion":null,"type":"Unknown"}},"setName":"atlas-djhd2n-shard-0","stale":false,"type":"ReplicaSetNoPrimary"},"errorLabelSet":{},"level":"error","message":"MongoDB connection error: Could not connect to any servers in your MongoDB Atlas cluster. One common reason is that you're trying to access the database from an IP that isn't whitelisted. Make sure your current IP address is on your Atlas cluster's IP whitelist: https://www.mongodb.com/docs/atlas/security-whitelist/","reason":{"commonWireVersion":0,"compatible":true,"heartbeatFrequencyMS":10000,"localThresholdMS":15,"logicalSessionTimeoutMinutes":null,"maxElectionId":null,"maxSetVersion":null,"servers":{"ac-pv269bt-shard-00-00.6po3bxm.mongodb.net:27017":{"$clusterTime":null,"address":"ac-pv269bt-shard-00-00.6po3bxm.mongodb.net:27017","arbiters":[],"electionId":null,"error":{"beforeHandshake":false,"errorLabelSet":{}},"hosts":[],"iscryptd":false,"lastUpdateTime":31900204,"lastWriteDate":0,"logicalSessionTimeoutMinutes":null,"maxBsonObjectSize":null,"maxMessageSizeBytes":null,"maxWireVersion":0,"maxWriteBatchSize":null,"me":null,"minRoundTripTime":0,"minWireVersion":0,"passives":[],"primary":null,"roundTripTime":-1,"setName":null,"setVersion":null,"tags":{},"topologyVersion":null,"type":"Unknown"},"ac-pv269bt-shard-00-01.6po3bxm.mongodb.net:27017":{"$clusterTime":null,"address":"ac-pv269bt-shard-00-01.6po3bxm.mongodb.net:27017","arbiters":[],"electionId":null,"error":{"beforeHandshake":false,"errorLabelSet":{}},"hosts":[],"iscryptd":false,"lastUpdateTime":31900172,"lastWriteDate":0,"logicalSessionTimeoutMinutes":null,"maxBsonObjectSize":null,"maxMessageSizeBytes":null,"maxWireVersion":0,"maxWriteBatchSize":null,"me":null,"minRoundTripTime":0,"minWireVersion":0,"passives":[],"primary":null,"roundTripTime":-1,"setName":null,"setVersion":null,"tags":{},"topologyVersion":null,"type":"Unknown"},"ac-pv269bt-shard-00-02.6po3bxm.mongodb.net:27017":{"$clusterTime":null,"address":"ac-pv269bt-shard-00-02.6po3bxm.mongodb.net:27017","arbiters":[],"electionId":null,"error":{"beforeHandshake":false,"errorLabelSet":{}},"hosts":[],"iscryptd":false,"lastUpdateTime":31899927,"lastWriteDate":0,"logicalSessionTimeoutMinutes":null,"maxBsonObjectSize":null,"maxMessageSizeBytes":null,"maxWireVersion":0,"maxWriteBatchSize":null,"me":null,"minRoundTripTime":0,"minWireVersion":0,"passives":[],"primary":null,"roundTripTime":-1,"setName":null,"setVersion":null,"tags":{},"topologyVersion":null,"type":"Unknown"}},"setName":"atlas-djhd2n-shard-0","stale":false,"type":"ReplicaSetNoPrimary"},"service":"gta-rp-family-api","stack":"MongooseServerSelectionError: Could not connect to any servers in your MongoDB Atlas cluster. One common reason is that you're trying to access the database from an IP that isn't whitelisted. Make sure your current IP address is on your Atlas cluster's IP whitelist: https://www.mongodb.com/docs/atlas/security-whitelist/\n    at _handleConnectionErrors (C:\\projects\\gta-rp-family\\backend\\node_modules\\mongoose\\lib\\connection.js:1169:11)\n    at NativeConnection.openUri (C:\\projects\\gta-rp-family\\backend\\node_modules\\mongoose\\lib\\connection.js:1100:11)","timestamp":"2026-03-28 18:32:20"}
{"level":"info","message":"Server running on port 5000","service":"gta-rp-family-api","timestamp":"2026-03-28 18:41:10"}
{"level":"info","message":"Environment: development","service":"gta-rp-family-api","timestamp":"2026-03-28 18:41:10"}
{"level":"info","message":"Connected to MongoDB","service":"gta-rp-family-api","timestamp":"2026-03-28 18:41:11"}
{"level":"info","message":"POST /api/applications - ::1","service":"gta-rp-family-api","timestamp":"2026-03-28 18:41:23"}
{"level":"info","message":"GET /api/applications/check/rader_kufuk - ::1","service":"gta-rp-family-api","timestamp":"2026-03-28 18:41:24"}
{"level":"info","message":"GET /api/applications/check/rader_kufuk - ::1","service":"gta-rp-family-api","timestamp":"2026-03-28 18:41:24"}
{"level":"info","message":"GET /api/applications/check/rader_kufuk - ::1","service":"gta-rp-family-api","timestamp":"2026-03-28 18:42:31"}
{"level":"info","message":"GET /api/applications/check/rader_kufuk - ::1","service":"gta-rp-family-api","timestamp":"2026-03-28 18:42:31"}
{"level":"info","message":"GET /api/applications/check/rader_kufuk - ::1","service":"gta-rp-family-api","timestamp":"2026-03-28 18:53:26"}
{"level":"info","message":"GET /api/applications/check/rader_kufuk - ::1","service":"gta-rp-family-api","timestamp":"2026-03-28 18:59:40"}
{"level":"info","message":"GET /api/applications/check/rader_kufuk - ::1","service":"gta-rp-family-api","timestamp":"2026-03-28 18:59:44"}
{"level":"info","message":"GET /api/applications/check/rader_kufuk - ::1","service":"gta-rp-family-api","timestamp":"2026-03-28 18:59:45"}
{"level":"info","message":"GET /api/applications/check/rader_kufuk - ::1","service":"gta-rp-family-api","timestamp":"2026-03-28 18:59:45"}
{"level":"info","message":"GET /api/applications/check/rader_kufuk - ::1","service":"gta-rp-family-api","timestamp":"2026-03-28 18:59:47"}
{"level":"info","message":"GET /api/applications/check/rader_kufuk - ::1","service":"gta-rp-family-api","timestamp":"2026-03-28 19:01:26"}
{"level":"info","message":"GET /api/auth/check-application/69c7f6a3f3f8473ddd50667d - ::1","service":"gta-rp-family-api","timestamp":"2026-03-28 19:01:28"}
{"level":"info","message":"GET /api/auth/check-application/69c7f6a3f3f8473ddd50667d - ::1","service":"gta-rp-family-api","timestamp":"2026-03-28 19:01:28"}
{"level":"info","message":"POST /api/auth/register - ::1","service":"gta-rp-family-api","timestamp":"2026-03-28 19:02:09"}
{"level":"info","message":"GET /api/users/online - ::1","service":"gta-rp-family-api","timestamp":"2026-03-28 19:02:10"}
{"level":"info","message":"GET /api/notifications - ::1","service":"gta-rp-family-api","timestamp":"2026-03-28 19:02:10"}
{"level":"info","message":"User connected: Kufuk (69c7fb81f3f8473ddd506692)","service":"gta-rp-family-api","timestamp":"2026-03-28 19:02:10"}
{"level":"info","message":"GET /api/users/online - ::1","service":"gta-rp-family-api","timestamp":"2026-03-28 19:02:10"}
{"level":"info","message":"GET /api/notifications - ::1","service":"gta-rp-family-api","timestamp":"2026-03-28 19:02:10"}
{"level":"info","message":"User disconnected: Kufuk (69c7fb81f3f8473ddd506692)","service":"gta-rp-family-api","timestamp":"2026-03-28 19:04:40"}
{"level":"info","message":"GET /api/auth/me - ::1","service":"gta-rp-family-api","timestamp":"2026-03-28 19:04:40"}
{"level":"info","message":"GET /api/auth/me - ::1","service":"gta-rp-family-api","timestamp":"2026-03-28 19:04:40"}
{"level":"info","message":"GET /api/users/online - ::1","service":"gta-rp-family-api","timestamp":"2026-03-28 19:04:41"}
{"level":"info","message":"GET /api/notifications - ::1","service":"gta-rp-family-api","timestamp":"2026-03-28 19:04:41"}
{"level":"info","message":"User connected: Kufuk (69c7fb81f3f8473ddd506692)","service":"gta-rp-family-api","timestamp":"2026-03-28 19:04:41"}
{"level":"info","message":"GET /api/users/online - ::1","service":"gta-rp-family-api","timestamp":"2026-03-28 19:04:41"}
{"level":"info","message":"GET /api/notifications - ::1","service":"gta-rp-family-api","timestamp":"2026-03-28 19:04:41"}
{"level":"info","message":"User disconnected: Kufuk (69c7fb81f3f8473ddd506692)","service":"gta-rp-family-api","timestamp":"2026-03-28 19:04:46"}
{"level":"info","message":"GET /api/auth/me - ::1","service":"gta-rp-family-api","timestamp":"2026-03-28 19:04:46"}
{"level":"info","message":"GET /api/auth/me - ::1","service":"gta-rp-family-api","timestamp":"2026-03-28 19:04:46"}
{"level":"info","message":"GET /api/users/online - ::1","service":"gta-rp-family-api","timestamp":"2026-03-28 19:04:46"}
{"level":"info","message":"GET /api/notifications - ::1","service":"gta-rp-family-api","timestamp":"2026-03-28 19:04:46"}
{"level":"info","message":"User connected: Kufuk (69c7fb81f3f8473ddd506692)","service":"gta-rp-family-api","timestamp":"2026-03-28 19:04:46"}
{"level":"info","message":"GET /api/users/online - ::1","service":"gta-rp-family-api","timestamp":"2026-03-28 19:04:46"}
{"level":"info","message":"GET /api/notifications - ::1","service":"gta-rp-family-api","timestamp":"2026-03-28 19:04:46"}
{"level":"info","message":"GET /api/admin/dashboard - ::1","service":"gta-rp-family-api","timestamp":"2026-03-28 19:04:59"}
{"level":"info","message":"GET /api/applications/stats - ::1","service":"gta-rp-family-api","timestamp":"2026-03-28 19:04:59"}
{"level":"info","message":"GET /api/users/stats - ::1","service":"gta-rp-family-api","timestamp":"2026-03-28 19:04:59"}
{"level":"info","message":"GET /api/applications/stats - ::1","service":"gta-rp-family-api","timestamp":"2026-03-28 19:04:59"}
{"level":"info","message":"GET /api/users/stats - ::1","service":"gta-rp-family-api","timestamp":"2026-03-28 19:04:59"}
{"level":"info","message":"GET /api/admin/dashboard - ::1","service":"gta-rp-family-api","timestamp":"2026-03-28 19:04:59"}
{"level":"info","message":"User disconnected: Kufuk (69c7fb81f3f8473ddd506692)","service":"gta-rp-family-api","timestamp":"2026-03-28 19:05:02"}
{"level":"info","message":"GET /api/auth/me - ::1","service":"gta-rp-family-api","timestamp":"2026-03-28 19:05:02"}
{"level":"info","message":"GET /api/auth/me - ::1","service":"gta-rp-family-api","timestamp":"2026-03-28 19:05:02"}
{"level":"info","message":"GET /api/admin/dashboard - ::1","service":"gta-rp-family-api","timestamp":"2026-03-28 19:05:02"}
{"level":"info","message":"GET /api/applications/stats - ::1","service":"gta-rp-family-api","timestamp":"2026-03-28 19:05:02"}
{"level":"info","message":"GET /api/users/stats - ::1","service":"gta-rp-family-api","timestamp":"2026-03-28 19:05:02"}
{"level":"info","message":"User connected: Kufuk (69c7fb81f3f8473ddd506692)","service":"gta-rp-family-api","timestamp":"2026-03-28 19:05:02"}
{"level":"info","message":"GET /api/applications/stats - ::1","service":"gta-rp-family-api","timestamp":"2026-03-28 19:05:02"}
{"level":"info","message":"GET /api/users/stats - ::1","service":"gta-rp-family-api","timestamp":"2026-03-28 19:05:03"}
{"level":"info","message":"GET /api/admin/dashboard - ::1","service":"gta-rp-family-api","timestamp":"2026-03-28 19:05:03"}
{"level":"info","message":"GET /api/users - ::1","service":"gta-rp-family-api","timestamp":"2026-03-28 19:05:36"}
{"level":"info","message":"GET /api/users - ::1","service":"gta-rp-family-api","timestamp":"2026-03-28 19:05:36"}
{"level":"info","message":"User disconnected: Kufuk (69c7fb81f3f8473ddd506692)","service":"gta-rp-family-api","timestamp":"2026-03-28 19:05:42"}
{"level":"info","message":"GET /api/auth/me - ::1","service":"gta-rp-family-api","timestamp":"2026-03-28 19:05:42"}
{"level":"info","message":"GET /api/auth/me - ::1","service":"gta-rp-family-api","timestamp":"2026-03-28 19:05:43"}
{"level":"info","message":"User connected: Kufuk (69c7fb81f3f8473ddd506692)","service":"gta-rp-family-api","timestamp":"2026-03-28 19:05:43"}
{"level":"info","message":"POST /api/users/me/avatar - ::1","service":"gta-rp-family-api","timestamp":"2026-03-28 19:07:12"}
{"level":"info","message":"PATCH /api/users/me - ::1","service":"gta-rp-family-api","timestamp":"2026-03-28 19:07:15"}
{"level":"info","message":"GET /api/admin/dashboard - ::1","service":"gta-rp-family-api","timestamp":"2026-03-28 19:07:30"}
{"level":"info","message":"GET /api/applications/stats - ::1","service":"gta-rp-family-api","timestamp":"2026-03-28 19:07:30"}
{"level":"info","message":"GET /api/users/stats - ::1","service":"gta-rp-family-api","timestamp":"2026-03-28 19:07:30"}
{"level":"info","message":"GET /api/applications/stats - ::1","service":"gta-rp-family-api","timestamp":"2026-03-28 19:07:31"}
{"level":"info","message":"GET /api/admin/dashboard - ::1","service":"gta-rp-family-api","timestamp":"2026-03-28 19:07:31"}
{"level":"info","message":"GET /api/users/stats - ::1","service":"gta-rp-family-api","timestamp":"2026-03-28 19:07:31"}
{"level":"info","message":"GET /api/applications - ::1","service":"gta-rp-family-api","timestamp":"2026-03-28 19:07:35"}
{"level":"info","message":"GET /api/applications - ::1","service":"gta-rp-family-api","timestamp":"2026-03-28 19:07:36"}
{"level":"info","message":"GET /api/users - ::1","service":"gta-rp-family-api","timestamp":"2026-03-28 19:07:38"}
{"level":"info","message":"GET /api/users - ::1","service":"gta-rp-family-api","timestamp":"2026-03-28 19:07:38"}
{"level":"info","message":"GET /api/logs - ::1","service":"gta-rp-family-api","timestamp":"2026-03-28 19:07:40"}
{"level":"info","message":"GET /api/logs - ::1","service":"gta-rp-family-api","timestamp":"2026-03-28 19:07:40"}
{"level":"info","message":"GET /api/admin/dashboard - ::1","service":"gta-rp-family-api","timestamp":"2026-03-28 19:07:52"}
{"level":"info","message":"User disconnected: Kufuk (69c7fb81f3f8473ddd506692)","service":"gta-rp-family-api","timestamp":"2026-03-28 19:08:02"}
{"level":"info","message":"Server running on port 5000","service":"gta-rp-family-api","timestamp":"2026-03-28 19:10:21"}
{"level":"info","message":"Environment: development","service":"gta-rp-family-api","timestamp":"2026-03-28 19:10:21"}
{"level":"info","message":"Connected to MongoDB","service":"gta-rp-family-api","timestamp":"2026-03-28 19:10:22"}
{"level":"info","message":"GET /api/applications/check/rader_kufuk - ::1","service":"gta-rp-family-api","timestamp":"2026-03-28 19:10:26"}
{"level":"info","message":"GET /api/applications/check/rader_kufuk - ::1","service":"gta-rp-family-api","timestamp":"2026-03-28 19:10:28"}
{"level":"info","message":"GET /api/applications/check/rader_kufuk - ::1","service":"gta-rp-family-api","timestamp":"2026-03-28 19:10:40"}
{"level":"info","message":"GET /api/applications/check/rader_kufuk - ::1","service":"gta-rp-family-api","timestamp":"2026-03-28 19:10:40"}
{"level":"info","message":"GET /api/applications/check/rader_kufuk - ::1","service":"gta-rp-family-api","timestamp":"2026-03-28 19:12:38"}
{"level":"info","message":"GET /api/applications/check/rader_kufuk - ::1","service":"gta-rp-family-api","timestamp":"2026-03-28 19:12:38"}
{"level":"info","message":"GET /api/applications/check/rader_kufuk - ::1","service":"gta-rp-family-api","timestamp":"2026-03-28 19:12:57"}
{"level":"info","message":"GET /api/applications/check/rader_kufuk - ::1","service":"gta-rp-family-api","timestamp":"2026-03-28 19:12:57"}
{"level":"info","message":"GET /api/applications/check/rader_kufuk - ::1","service":"gta-rp-family-api","timestamp":"2026-03-28 19:12:59"}
{"level":"info","message":"GET /api/applications/check/rader_kufuk - ::1","service":"gta-rp-family-api","timestamp":"2026-03-28 19:13:02"}
{"level":"info","message":"GET /api/applications/check/rader_kufuk - ::1","service":"gta-rp-family-api","timestamp":"2026-03-28 19:13:02"}
{"level":"info","message":"GET /api/applications/check/rader_kufuk - ::1","service":"gta-rp-family-api","timestamp":"2026-03-28 19:13:03"}
{"level":"info","message":"GET /api/applications/check/rader_kufuk - ::1","service":"gta-rp-family-api","timestamp":"2026-03-28 19:13:03"}
{"level":"info","message":"GET /api/applications/check/rader_kufuk - ::1","service":"gta-rp-family-api","timestamp":"2026-03-28 19:13:12"}
{"level":"info","message":"GET /api/applications/check/rader_kufuk - ::1","service":"gta-rp-family-api","timestamp":"2026-03-28 19:13:12"}
{"level":"info","message":"POST /api/applications - ::1","service":"gta-rp-family-api","timestamp":"2026-03-28 19:16:38"}
{"level":"info","message":"POST /api/applications - ::1","service":"gta-rp-family-api","timestamp":"2026-03-28 19:16:44"}
{"level":"info","message":"GET /api/applications/check/123123123 - ::1","service":"gta-rp-family-api","timestamp":"2026-03-28 19:16:44"}
{"level":"info","message":"GET /api/applications/check/123123123 - ::1","service":"gta-rp-family-api","timestamp":"2026-03-28 19:16:44"}
{"level":"info","message":"GET /api/applications/check/123123123 - ::1","service":"gta-rp-family-api","timestamp":"2026-03-28 19:17:36"}
{"level":"info","message":"GET /api/auth/check-application/69c7feecf20b6e5ad1d24328 - ::1","service":"gta-rp-family-api","timestamp":"2026-03-28 19:17:38"}
{"level":"info","message":"GET /api/auth/check-application/69c7feecf20b6e5ad1d24328 - ::1","service":"gta-rp-family-api","timestamp":"2026-03-28 19:17:38"}
{"level":"info","message":"POST /api/auth/login - ::1","service":"gta-rp-family-api","timestamp":"2026-03-28 19:17:55"}
{"level":"info","message":"GET /api/users/online - ::1","service":"gta-rp-family-api","timestamp":"2026-03-28 19:17:56"}
{"level":"info","message":"GET /api/notifications - ::1","service":"gta-rp-family-api","timestamp":"2026-03-28 19:17:56"}
{"level":"info","message":"User connected: Kufuk (69c7fb81f3f8473ddd506692)","service":"gta-rp-family-api","timestamp":"2026-03-28 19:17:56"}
{"level":"info","message":"GET /api/users/online - ::1","service":"gta-rp-family-api","timestamp":"2026-03-28 19:17:56"}
{"level":"info","message":"GET /api/notifications - ::1","service":"gta-rp-family-api","timestamp":"2026-03-28 19:17:57"}
{"level":"info","message":"GET /api/users/online - ::1","service":"gta-rp-family-api","timestamp":"2026-03-28 19:18:15"}
{"level":"info","message":"GET /api/notifications - ::1","service":"gta-rp-family-api","timestamp":"2026-03-28 19:18:15"}
{"level":"info","message":"GET /api/users/online - ::1","service":"gta-rp-family-api","timestamp":"2026-03-28 19:18:15"}
{"level":"info","message":"GET /api/notifications - ::1","service":"gta-rp-family-api","timestamp":"2026-03-28 19:18:15"}
{"level":"info","message":"GET /api/admin/dashboard - ::1","service":"gta-rp-family-api","timestamp":"2026-03-28 19:18:26"}
{"level":"info","message":"GET /api/applications/stats - ::1","service":"gta-rp-family-api","timestamp":"2026-03-28 19:18:26"}
{"level":"info","message":"GET /api/users/stats - ::1","service":"gta-rp-family-api","timestamp":"2026-03-28 19:18:26"}
{"level":"info","message":"GET /api/applications/stats - ::1","service":"gta-rp-family-api","timestamp":"2026-03-28 19:18:26"}
{"level":"info","message":"GET /api/admin/dashboard - ::1","service":"gta-rp-family-api","timestamp":"2026-03-28 19:18:27"}
{"level":"info","message":"GET /api/users/stats - ::1","service":"gta-rp-family-api","timestamp":"2026-03-28 19:18:27"}
{"level":"info","message":"GET /api/applications - ::1","service":"gta-rp-family-api","timestamp":"2026-03-28 19:18:35"}
{"level":"info","message":"GET /api/applications - ::1","service":"gta-rp-family-api","timestamp":"2026-03-28 19:18:35"}
{"level":"info","message":"GET /api/users - ::1","service":"gta-rp-family-api","timestamp":"2026-03-28 19:18:41"}
{"level":"info","message":"GET /api/users - ::1","service":"gta-rp-family-api","timestamp":"2026-03-28 19:18:41"}
{"level":"info","message":"GET /api/logs - ::1","service":"gta-rp-family-api","timestamp":"2026-03-28 19:18:42"}
{"level":"info","message":"GET /api/logs - ::1","service":"gta-rp-family-api","timestamp":"2026-03-28 19:18:42"}
{"level":"info","message":"GET /api/admin/dashboard - ::1","service":"gta-rp-family-api","timestamp":"2026-03-28 19:18:48"}
{"level":"info","message":"GET /api/applications/stats - ::1","service":"gta-rp-family-api","timestamp":"2026-03-28 19:18:48"}
{"level":"info","message":"GET /api/users/stats - ::1","service":"gta-rp-family-api","timestamp":"2026-03-28 19:18:48"}
{"level":"info","message":"GET /api/applications/stats - ::1","service":"gta-rp-family-api","timestamp":"2026-03-28 19:18:48"}
{"level":"info","message":"GET /api/admin/dashboard - ::1","service":"gta-rp-family-api","timestamp":"2026-03-28 19:18:48"}
{"level":"info","message":"GET /api/users/stats - ::1","service":"gta-rp-family-api","timestamp":"2026-03-28 19:18:48"}
{"level":"info","message":"GET /api/applications - ::1","service":"gta-rp-family-api","timestamp":"2026-03-28 19:18:56"}
{"level":"info","message":"GET /api/applications - ::1","service":"gta-rp-family-api","timestamp":"2026-03-28 19:18:56"}
{"level":"info","message":"GET /api/users - ::1","service":"gta-rp-family-api","timestamp":"2026-03-28 19:19:13"}
{"level":"info","message":"GET /api/users - ::1","service":"gta-rp-family-api","timestamp":"2026-03-28 19:19:13"}
{"level":"info","message":"GET /api/logs - ::1","service":"gta-rp-family-api","timestamp":"2026-03-28 19:19:18"}
{"level":"info","message":"GET /api/logs - ::1","service":"gta-rp-family-api","timestamp":"2026-03-28 19:19:18"}
{"level":"info","message":"GET /api/admin/dashboard - ::1","service":"gta-rp-family-api","timestamp":"2026-03-28 19:19:23"}
{"level":"info","message":"GET /api/applications/stats - ::1","service":"gta-rp-family-api","timestamp":"2026-03-28 19:19:23"}
{"level":"info","message":"GET /api/users/stats - ::1","service":"gta-rp-family-api","timestamp":"2026-03-28 19:19:23"}
{"level":"info","message":"GET /api/applications/stats - ::1","service":"gta-rp-family-api","timestamp":"2026-03-28 19:19:23"}
{"level":"info","message":"GET /api/users/stats - ::1","service":"gta-rp-family-api","timestamp":"2026-03-28 19:19:24"}
{"level":"info","message":"GET /api/admin/dashboard - ::1","service":"gta-rp-family-api","timestamp":"2026-03-28 19:19:24"}
{"level":"info","message":"User disconnected: Kufuk (69c7fb81f3f8473ddd506692)","service":"gta-rp-family-api","timestamp":"2026-03-28 19:19:27"}
{"level":"info","message":"GET /api/auth/me - ::1","service":"gta-rp-family-api","timestamp":"2026-03-28 19:19:27"}
{"level":"info","message":"User connected: Kufuk (69c7fb81f3f8473ddd506692)","service":"gta-rp-family-api","timestamp":"2026-03-28 19:19:28"}
{"level":"info","message":"User disconnected: Kufuk (69c7fb81f3f8473ddd506692)","service":"gta-rp-family-api","timestamp":"2026-03-28 19:19:53"}
{"level":"info","message":"Server running on port 5000","service":"gta-rp-family-api","timestamp":"2026-03-28 19:20:41"}
{"level":"info","message":"Environment: development","service":"gta-rp-family-api","timestamp":"2026-03-28 19:20:41"}
{"level":"info","message":"Connected to MongoDB","service":"gta-rp-family-api","timestamp":"2026-03-28 19:20:42"}
{"level":"info","message":"POST /api/auth/login - ::1","service":"gta-rp-family-api","timestamp":"2026-03-28 19:20:54"}
{"level":"info","message":"GET /api/users/online - ::1","service":"gta-rp-family-api","timestamp":"2026-03-28 19:20:55"}
{"level":"info","message":"GET /api/notifications - ::1","service":"gta-rp-family-api","timestamp":"2026-03-28 19:20:55"}
{"level":"info","message":"User connected: Kufuk (69c7fb81f3f8473ddd506692)","service":"gta-rp-family-api","timestamp":"2026-03-28 19:20:55"}
{"level":"info","message":"GET /api/users/online - ::1","service":"gta-rp-family-api","timestamp":"2026-03-28 19:20:55"}
{"level":"info","message":"GET /api/notifications - ::1","service":"gta-rp-family-api","timestamp":"2026-03-28 19:20:55"}
{"level":"info","message":"GET /api/admin/dashboard - ::1","service":"gta-rp-family-api","timestamp":"2026-03-28 19:21:02"}
{"level":"info","message":"GET /api/applications/stats - ::1","service":"gta-rp-family-api","timestamp":"2026-03-28 19:21:02"}
{"level":"info","message":"GET /api/users/stats - ::1","service":"gta-rp-family-api","timestamp":"2026-03-28 19:21:02"}
{"level":"info","message":"GET /api/applications/stats - ::1","service":"gta-rp-family-api","timestamp":"2026-03-28 19:21:02"}
{"level":"info","message":"GET /api/admin/dashboard - ::1","service":"gta-rp-family-api","timestamp":"2026-03-28 19:21:02"}
{"level":"info","message":"GET /api/users/stats - ::1","service":"gta-rp-family-api","timestamp":"2026-03-28 19:21:02"}
{"level":"info","message":"GET /api/users/online - ::1","service":"gta-rp-family-api","timestamp":"2026-03-28 19:21:06"}
{"level":"info","message":"GET /api/notifications - ::1","service":"gta-rp-family-api","timestamp":"2026-03-28 19:21:06"}
{"level":"info","message":"GET /api/notifications - ::1","service":"gta-rp-family-api","timestamp":"2026-03-28 19:21:07"}
{"level":"info","message":"GET /api/users/online - ::1","service":"gta-rp-family-api","timestamp":"2026-03-28 19:21:07"}
{"level":"info","message":"GET /api/admin/dashboard - ::1","service":"gta-rp-family-api","timestamp":"2026-03-28 19:22:20"}
{"level":"info","message":"GET /api/applications/stats - ::1","service":"gta-rp-family-api","timestamp":"2026-03-28 19:22:20"}
{"level":"info","message":"GET /api/users/stats - ::1","service":"gta-rp-family-api","timestamp":"2026-03-28 19:22:20"}
{"level":"info","message":"GET /api/applications/stats - ::1","service":"gta-rp-family-api","timestamp":"2026-03-28 19:22:21"}
{"level":"info","message":"GET /api/admin/dashboard - ::1","service":"gta-rp-family-api","timestamp":"2026-03-28 19:22:21"}
{"level":"info","message":"GET /api/users/stats - ::1","service":"gta-rp-family-api","timestamp":"2026-03-28 19:22:21"}
{"level":"info","message":"GET /api/applications - ::1","service":"gta-rp-family-api","timestamp":"2026-03-28 19:22:22"}
{"level":"info","message":"GET /api/applications - ::1","service":"gta-rp-family-api","timestamp":"2026-03-28 19:22:22"}
{"level":"info","message":"User 69c7fb81f3f8473ddd506692 left application 69c7feecf20b6e5ad1d24328","service":"gta-rp-family-api","timestamp":"2026-03-28 19:22:35"}
{"level":"info","message":"GET /api/applications/69c7feecf20b6e5ad1d24328 - ::1","service":"gta-rp-family-api","timestamp":"2026-03-28 19:22:35"}
{"level":"info","message":"GET /api/chat/69c7feecf20b6e5ad1d24328/messages - ::1","service":"gta-rp-family-api","timestamp":"2026-03-28 19:22:35"}
{"level":"info","message":"GET /api/applications/69c7feecf20b6e5ad1d24328 - ::1","service":"gta-rp-family-api","timestamp":"2026-03-28 19:22:36"}
{"level":"info","message":"GET /api/chat/69c7feecf20b6e5ad1d24328/messages - ::1","service":"gta-rp-family-api","timestamp":"2026-03-28 19:22:36"}
{"level":"info","message":"User 69c7fb81f3f8473ddd506692 joined application 69c7feecf20b6e5ad1d24328","service":"gta-rp-family-api","timestamp":"2026-03-28 19:22:36"}
{"level":"info","message":"User 69c7fb81f3f8473ddd506692 joined application 69c7feecf20b6e5ad1d24328","service":"gta-rp-family-api","timestamp":"2026-03-28 19:22:36"}
{"level":"info","message":"User 69c7fb81f3f8473ddd506692 left application 69c7feecf20b6e5ad1d24328","service":"gta-rp-family-api","timestamp":"2026-03-28 19:22:37"}
{"level":"info","message":"GET /api/applications - ::1","service":"gta-rp-family-api","timestamp":"2026-03-28 19:22:37"}
{"level":"info","message":"GET /api/applications - ::1","service":"gta-rp-family-api","timestamp":"2026-03-28 19:22:37"}
{"level":"info","message":"GET /api/users - ::1","service":"gta-rp-family-api","timestamp":"2026-03-28 19:22:42"}
{"level":"info","message":"GET /api/users - ::1","service":"gta-rp-family-api","timestamp":"2026-03-28 19:22:42"}
{"level":"info","message":"GET /api/applications - ::1","service":"gta-rp-family-api","timestamp":"2026-03-28 19:22:46"}
{"level":"info","message":"GET /api/applications - ::1","service":"gta-rp-family-api","timestamp":"2026-03-28 19:22:46"}
{"level":"info","message":"GET /api/admin/dashboard - ::1","service":"gta-rp-family-api","timestamp":"2026-03-28 19:22:48"}
{"level":"info","message":"GET /api/applications/stats - ::1","service":"gta-rp-family-api","timestamp":"2026-03-28 19:22:48"}
{"level":"info","message":"GET /api/users/stats - ::1","service":"gta-rp-family-api","timestamp":"2026-03-28 19:22:48"}
{"level":"info","message":"GET /api/applications/stats - ::1","service":"gta-rp-family-api","timestamp":"2026-03-28 19:22:48"}
{"level":"info","message":"GET /api/admin/dashboard - ::1","service":"gta-rp-family-api","timestamp":"2026-03-28 19:22:48"}
{"level":"info","message":"GET /api/users/stats - ::1","service":"gta-rp-family-api","timestamp":"2026-03-28 19:22:49"}
{"level":"info","message":"User disconnected: Kufuk (69c7fb81f3f8473ddd506692)","service":"gta-rp-family-api","timestamp":"2026-03-28 19:23:02"}
{"level":"info","message":"GET /api/auth/me - ::1","service":"gta-rp-family-api","timestamp":"2026-03-28 19:23:02"}
{"level":"info","message":"GET /api/auth/me - ::1","service":"gta-rp-family-api","timestamp":"2026-03-28 19:23:02"}
{"level":"info","message":"User connected: Kufuk (69c7fb81f3f8473ddd506692)","service":"gta-rp-family-api","timestamp":"2026-03-28 19:23:03"}
{"level":"info","message":"User disconnected: Kufuk (69c7fb81f3f8473ddd506692)","service":"gta-rp-family-api","timestamp":"2026-03-28 19:24:38"}
